<?xml version="1.0" encoding="UTF-8"?>
<testsuite xmlns:xsi="http://www.w3.org/2001/XMLSchema-instance" xsi:noNamespaceSchemaLocation="https://maven.apache.org/surefire/maven-surefire-plugin/xsd/surefire-test-report-3.0.xsd" version="3.0" name="com.model.TeacherUserTest" time="0.033" tests="12" errors="0" skipped="0" failures="0">
  <properties>
[...]
</properties>
  <testcase name="testAddStudent_NoClasses" classname="com.model.TeacherUserTest" time="0.015">
    <system-out><![CDATA[Teacher has 2 students after setup
Teacher has no classes assigned.
]]></system-out>
    <system-err><![CDATA[java.io.FileNotFoundException: JavaFXBackEndRhythmReader/src/main/java/com/data/users.json (No such file or directory)
	at java.base/java.io.FileInputStream.open0(Native Method)
	at java.base/java.io.FileInputStream.open(FileInputStream.java:219)
	at java.base/java.io.FileInputStream.<init>(FileInputStream.java:159)
	at java.base/java.io.FileInputStream.<init>(FileInputStream.java:112)
	at java.base/java.io.FileReader.<init>(FileReader.java:60)
	at com.rhythmreader@1.0-SNAPSHOT/com.model.DataLoader.loadUsers(DataLoader.java:26)
	at com.rhythmreader@1.0-SNAPSHOT/com.model.UserList.<init>(UserList.java:18)
	at com.rhythmreader@1.0-SNAPSHOT/com.model.UserList.getInstance(UserList.java:27)
	at com.rhythmreader@1.0-SNAPSHOT/com.model.StudentUser.createStudentUser(StudentUser.java:70)
	at com.rhythmreader@1.0-SNAPSHOT/com.model.TeacherUserTest.testAddStudent_NoClasses(TeacherUserTest.java:115)
	at java.base/jdk.internal.reflect.DirectMethodHandleAccessor.invoke(DirectMethodHandleAccessor.java:103)
	at java.base/java.lang.reflect.Method.invoke(Method.java:580)
	at junit@4.13.2/org.junit.runners.model.FrameworkMethod$1.runReflectiveCall(FrameworkMethod.java:59)
	at junit@4.13.2/org.junit.internal.runners.model.ReflectiveCallable.run(ReflectiveCallable.java:12)
	at junit@4.13.2/org.junit.runners.model.FrameworkMethod.invokeExplosively(FrameworkMethod.java:56)
	at junit@4.13.2/org.junit.internal.runners.statements.InvokeMethod.evaluate(InvokeMethod.java:17)
	at junit@4.13.2/org.junit.internal.runners.statements.RunBefores.evaluate(RunBefores.java:26)
	at junit@4.13.2/org.junit.runners.ParentRunner$3.evaluate(ParentRunner.java:306)
	at junit@4.13.2/org.junit.runners.BlockJUnit4ClassRunner$1.evaluate(BlockJUnit4ClassRunner.java:100)
	at junit@4.13.2/org.junit.runners.ParentRunner.runLeaf(ParentRunner.java:366)
	at junit@4.13.2/org.junit.runners.BlockJUnit4ClassRunner.runChild(BlockJUnit4ClassRunner.java:103)
	at junit@4.13.2/org.junit.runners.BlockJUnit4ClassRunner.runChild(BlockJUnit4ClassRunner.java:63)
	at junit@4.13.2/org.junit.runners.ParentRunner$4.run(ParentRunner.java:331)
	at junit@4.13.2/org.junit.runners.ParentRunner$1.schedule(ParentRunner.java:79)
	at junit@4.13.2/org.junit.runners.ParentRunner.runChildren(ParentRunner.java:329)
	at junit@4.13.2/org.junit.runners.ParentRunner.access$100(ParentRunner.java:66)
	at junit@4.13.2/org.junit.runners.ParentRunner$2.evaluate(ParentRunner.java:293)
	at junit@4.13.2/org.junit.runners.ParentRunner$3.evaluate(ParentRunner.java:306)
	at junit@4.13.2/org.junit.runners.ParentRunner.run(ParentRunner.java:413)
	at org.apache.maven.surefire.junit4.JUnit4Provider.execute(JUnit4Provider.java:316)
	at org.apache.maven.surefire.junit4.JUnit4Provider.executeWithRerun(JUnit4Provider.java:240)
	at org.apache.maven.surefire.junit4.JUnit4Provider.executeTestSet(JUnit4Provider.java:214)
	at org.apache.maven.surefire.junit4.JUnit4Provider.invoke(JUnit4Provider.java:155)
	at org.apache.maven.surefire.booter.ForkedBooter.runSuitesInProcess(ForkedBooter.java:385)
	at org.apache.maven.surefire.booter.ForkedBooter.execute(ForkedBooter.java:162)
	at org.apache.maven.surefire.booter.ForkedBooter.run(ForkedBooter.java:507)
	at org.apache.maven.surefire.booter.ForkedBooter.main(ForkedBooter.java:495)
]]></system-err>
  </testcase>
  <testcase name="testCreateClassroom" classname="com.model.TeacherUserTest" time="0.008">
    <system-out><![CDATA[Teacher has 2 students after setup
]]></system-out>
  </testcase>
  <testcase name="testRemoveStudent_NullStudent" classname="com.model.TeacherUserTest" time="0.0">
    <system-out><![CDATA[Teacher has 2 students after setup
]]></system-out>
  </testcase>
  <testcase name="testSendFeedback_nullFeedback" classname="com.model.TeacherUserTest" time="0.0">
    <system-out><![CDATA[Teacher has 2 students after setup
]]></system-out>
  </testcase>
  <testcase name="testAddStudent" classname="com.model.TeacherUserTest" time="0.001">
    <system-out><![CDATA[Teacher has 2 students after setup
true
3
Student3 classes: [Music Theory 101, Advanced Composition]
Teacher's students contains student3: true
]]></system-out>
  </testcase>
  <testcase name="testSendFeedback_nullStudent" classname="com.model.TeacherUserTest" time="0.0">
    <system-out><![CDATA[Teacher has 2 students after setup
]]></system-out>
  </testcase>
  <testcase name="testCreateClassroom_DuplicateClassName" classname="com.model.TeacherUserTest" time="0.001">
    <system-out><![CDATA[Teacher has 2 students after setup
]]></system-out>
  </testcase>
  <testcase name="testAddStudent_AlreadyEnrolled" classname="com.model.TeacherUserTest" time="0.0">
    <system-out><![CDATA[Teacher has 2 students after setup
Student D D is already enrolled in class.
]]></system-out>
  </testcase>
  <testcase name="testRemoveStudent" classname="com.model.TeacherUserTest" time="0.0">
    <system-out><![CDATA[Teacher has 2 students after setup
]]></system-out>
  </testcase>
  <testcase name="testSendFeedback" classname="com.model.TeacherUserTest" time="0.004">
    <system-out><![CDATA[Teacher has 2 students after setup
]]></system-out>
  </testcase>
  <testcase name="testSendFeedback_StudentNotInClass" classname="com.model.TeacherUserTest" time="0.0">
    <system-out><![CDATA[Teacher has 2 students after setup
]]></system-out>
  </testcase>
  <testcase name="testCreateClassroom_NullClassName" classname="com.model.TeacherUserTest" time="0.0">
    <system-out><![CDATA[Teacher has 2 students after setup
]]></system-out>
  </testcase>
</testsuite>