<?xml version="1.0" encoding="UTF-8"?>
<testsuite xmlns:xsi="http://www.w3.org/2001/XMLSchema-instance" xsi:noNamespaceSchemaLocation="https://maven.apache.org/surefire/maven-surefire-plugin/xsd/surefire-test-report-3.0.xsd" version="3.0" name="com.model.NoteTest" time="0.159" tests="31" errors="0" skipped="0" failures="4">
  <properties>
[...]
</properties>
  <testcase name="setModifier_specialCharacterModifier" classname="com.model.NoteTest" time="0.011"/>
  <testcase name="setPitch_emptyPitch" classname="com.model.NoteTest" time="0.0"/>
  <testcase name="testTesting" classname="com.model.NoteTest" time="0.0"/>
  <testcase name="setModifier_emptyModifier" classname="com.model.NoteTest" time="0.0"/>
  <testcase name="getNoteWithoutDuration_validNote" classname="com.model.NoteTest" time="0.0"/>
  <testcase name="getNoteWithoutDuration_noModifierOctaveZero" classname="com.model.NoteTest" time="0.011">
    <failure message="expected:&lt;E[0]&gt; but was:&lt;E[4]&gt;" type="org.junit.ComparisonFailure"><![CDATA[org.junit.ComparisonFailure: expected:<E[0]> but was:<E[4]>
	at junit@4.13.2/org.junit.Assert.assertEquals(Assert.java:117)
	at junit@4.13.2/org.junit.Assert.assertEquals(Assert.java:146)
	at com.rhythmreader/com.model.NoteTest.getNoteWithoutDuration_noModifierOctaveZero(NoteTest.java:164)
	at java.base/jdk.internal.reflect.DirectMethodHandleAccessor.invoke(DirectMethodHandleAccessor.java:103)
	at java.base/java.lang.reflect.Method.invoke(Method.java:580)
	at junit@4.13.2/org.junit.runners.model.FrameworkMethod$1.runReflectiveCall(FrameworkMethod.java:59)
	at junit@4.13.2/org.junit.internal.runners.model.ReflectiveCallable.run(ReflectiveCallable.java:12)
	at junit@4.13.2/org.junit.runners.model.FrameworkMethod.invokeExplosively(FrameworkMethod.java:56)
	at junit@4.13.2/org.junit.internal.runners.statements.InvokeMethod.evaluate(InvokeMethod.java:17)
	at junit@4.13.2/org.junit.runners.ParentRunner$3.evaluate(ParentRunner.java:306)
	at junit@4.13.2/org.junit.runners.BlockJUnit4ClassRunner$1.evaluate(BlockJUnit4ClassRunner.java:100)
	at junit@4.13.2/org.junit.runners.ParentRunner.runLeaf(ParentRunner.java:366)
	at junit@4.13.2/org.junit.runners.BlockJUnit4ClassRunner.runChild(BlockJUnit4ClassRunner.java:103)
	at junit@4.13.2/org.junit.runners.BlockJUnit4ClassRunner.runChild(BlockJUnit4ClassRunner.java:63)
	at junit@4.13.2/org.junit.runners.ParentRunner$4.run(ParentRunner.java:331)
	at junit@4.13.2/org.junit.runners.ParentRunner$1.schedule(ParentRunner.java:79)
	at junit@4.13.2/org.junit.runners.ParentRunner.runChildren(ParentRunner.java:329)
	at junit@4.13.2/org.junit.runners.ParentRunner.access$100(ParentRunner.java:66)
	at junit@4.13.2/org.junit.runners.ParentRunner$2.evaluate(ParentRunner.java:293)
	at junit@4.13.2/org.junit.runners.ParentRunner$3.evaluate(ParentRunner.java:306)
	at junit@4.13.2/org.junit.runners.ParentRunner.run(ParentRunner.java:413)
	at org.apache.maven.surefire.junit4.JUnit4Provider.execute(JUnit4Provider.java:316)
	at org.apache.maven.surefire.junit4.JUnit4Provider.executeWithRerun(JUnit4Provider.java:240)
	at org.apache.maven.surefire.junit4.JUnit4Provider.executeTestSet(JUnit4Provider.java:214)
	at org.apache.maven.surefire.junit4.JUnit4Provider.invoke(JUnit4Provider.java:155)
	at org.apache.maven.surefire.booter.ForkedBooter.runSuitesInProcess(ForkedBooter.java:385)
	at org.apache.maven.surefire.booter.ForkedBooter.execute(ForkedBooter.java:162)
	at org.apache.maven.surefire.booter.ForkedBooter.run(ForkedBooter.java:507)
	at org.apache.maven.surefire.booter.ForkedBooter.main(ForkedBooter.java:495)
]]></failure>
  </testcase>
  <testcase name="toJFugueString_differentNoteType" classname="com.model.NoteTest" time="0.0"/>
  <testcase name="setModifier_nullModifier" classname="com.model.NoteTest" time="0.001"/>
  <testcase name="toJFugueString_noModifierOrArticulation" classname="com.model.NoteTest" time="0.001"/>
  <testcase name="testGetPitch_validPitch" classname="com.model.NoteTest" time="0.0"/>
  <testcase name="fromString_stringWithDifferentNoteType" classname="com.model.NoteTest" time="0.001"/>
  <testcase name="setPitch_validPitch" classname="com.model.NoteTest" time="0.0"/>
  <testcase name="toJFugueString_validNote" classname="com.model.NoteTest" time="0.0"/>
  <testcase name="getPitch_emptyPitch" classname="com.model.NoteTest" time="0.0"/>
  <testcase name="getNoteWithoutDuration_modifierAndNegativeOctave" classname="com.model.NoteTest" time="0.004">
    <failure message="expected:&lt;F[-1]&gt; but was:&lt;F[b4]&gt;" type="org.junit.ComparisonFailure"><![CDATA[org.junit.ComparisonFailure: expected:<F[-1]> but was:<F[b4]>
	at junit@4.13.2/org.junit.Assert.assertEquals(Assert.java:117)
	at junit@4.13.2/org.junit.Assert.assertEquals(Assert.java:146)
	at com.rhythmreader/com.model.NoteTest.getNoteWithoutDuration_modifierAndNegativeOctave(NoteTest.java:170)
	at java.base/jdk.internal.reflect.DirectMethodHandleAccessor.invoke(DirectMethodHandleAccessor.java:103)
	at java.base/java.lang.reflect.Method.invoke(Method.java:580)
	at junit@4.13.2/org.junit.runners.model.FrameworkMethod$1.runReflectiveCall(FrameworkMethod.java:59)
	at junit@4.13.2/org.junit.internal.runners.model.ReflectiveCallable.run(ReflectiveCallable.java:12)
	at junit@4.13.2/org.junit.runners.model.FrameworkMethod.invokeExplosively(FrameworkMethod.java:56)
	at junit@4.13.2/org.junit.internal.runners.statements.InvokeMethod.evaluate(InvokeMethod.java:17)
	at junit@4.13.2/org.junit.runners.ParentRunner$3.evaluate(ParentRunner.java:306)
	at junit@4.13.2/org.junit.runners.BlockJUnit4ClassRunner$1.evaluate(BlockJUnit4ClassRunner.java:100)
	at junit@4.13.2/org.junit.runners.ParentRunner.runLeaf(ParentRunner.java:366)
	at junit@4.13.2/org.junit.runners.BlockJUnit4ClassRunner.runChild(BlockJUnit4ClassRunner.java:103)
	at junit@4.13.2/org.junit.runners.BlockJUnit4ClassRunner.runChild(BlockJUnit4ClassRunner.java:63)
	at junit@4.13.2/org.junit.runners.ParentRunner$4.run(ParentRunner.java:331)
	at junit@4.13.2/org.junit.runners.ParentRunner$1.schedule(ParentRunner.java:79)
	at junit@4.13.2/org.junit.runners.ParentRunner.runChildren(ParentRunner.java:329)
	at junit@4.13.2/org.junit.runners.ParentRunner.access$100(ParentRunner.java:66)
	at junit@4.13.2/org.junit.runners.ParentRunner$2.evaluate(ParentRunner.java:293)
	at junit@4.13.2/org.junit.runners.ParentRunner$3.evaluate(ParentRunner.java:306)
	at junit@4.13.2/org.junit.runners.ParentRunner.run(ParentRunner.java:413)
	at org.apache.maven.surefire.junit4.JUnit4Provider.execute(JUnit4Provider.java:316)
	at org.apache.maven.surefire.junit4.JUnit4Provider.executeWithRerun(JUnit4Provider.java:240)
	at org.apache.maven.surefire.junit4.JUnit4Provider.executeTestSet(JUnit4Provider.java:214)
	at org.apache.maven.surefire.junit4.JUnit4Provider.invoke(JUnit4Provider.java:155)
	at org.apache.maven.surefire.booter.ForkedBooter.runSuitesInProcess(ForkedBooter.java:385)
	at org.apache.maven.surefire.booter.ForkedBooter.execute(ForkedBooter.java:162)
	at org.apache.maven.surefire.booter.ForkedBooter.run(ForkedBooter.java:507)
	at org.apache.maven.surefire.booter.ForkedBooter.main(ForkedBooter.java:495)
]]></failure>
  </testcase>
  <testcase name="toJFugueString_restNote" classname="com.model.NoteTest" time="0.001"/>
  <testcase name="getPitch_differentPitch" classname="com.model.NoteTest" time="0.001"/>
  <testcase name="getPitch_lowerCasePitch" classname="com.model.NoteTest" time="0.0"/>
  <testcase name="setModifier_validModifier" classname="com.model.NoteTest" time="0.0"/>
  <testcase name="setModifier_differentModifier" classname="com.model.NoteTest" time="0.0"/>
  <testcase name="getNoteWithoutDuration_differentNote" classname="com.model.NoteTest" time="0.001"/>
  <testcase name="fromString_stringWithModifier" classname="com.model.NoteTest" time="0.003"/>
  <testcase name="getNoteWithoutDuration_noModifier" classname="com.model.NoteTest" time="0.0"/>
  <testcase name="getPitch_specialCharacterPitch" classname="com.model.NoteTest" time="0.0"/>
  <testcase name="fromString_validString" classname="com.model.NoteTest" time="0.001"/>
  <testcase name="setPitch_specialCharacterPitch" classname="com.model.NoteTest" time="0.001"/>
  <testcase name="fromString_stringWithNegativeOctave" classname="com.model.NoteTest" time="0.002">
    <failure message="expected:&lt;-1&gt; but was:&lt;4&gt;" type="java.lang.AssertionError"><![CDATA[java.lang.AssertionError: expected:<-1> but was:<4>
	at junit@4.13.2/org.junit.Assert.fail(Assert.java:89)
	at junit@4.13.2/org.junit.Assert.failNotEquals(Assert.java:835)
	at junit@4.13.2/org.junit.Assert.assertEquals(Assert.java:647)
	at junit@4.13.2/org.junit.Assert.assertEquals(Assert.java:633)
	at com.rhythmreader/com.model.NoteTest.fromString_stringWithNegativeOctave(NoteTest.java:208)
	at java.base/jdk.internal.reflect.DirectMethodHandleAccessor.invoke(DirectMethodHandleAccessor.java:103)
	at java.base/java.lang.reflect.Method.invoke(Method.java:580)
	at junit@4.13.2/org.junit.runners.model.FrameworkMethod$1.runReflectiveCall(FrameworkMethod.java:59)
	at junit@4.13.2/org.junit.internal.runners.model.ReflectiveCallable.run(ReflectiveCallable.java:12)
	at junit@4.13.2/org.junit.runners.model.FrameworkMethod.invokeExplosively(FrameworkMethod.java:56)
	at junit@4.13.2/org.junit.internal.runners.statements.InvokeMethod.evaluate(InvokeMethod.java:17)
	at junit@4.13.2/org.junit.runners.ParentRunner$3.evaluate(ParentRunner.java:306)
	at junit@4.13.2/org.junit.runners.BlockJUnit4ClassRunner$1.evaluate(BlockJUnit4ClassRunner.java:100)
	at junit@4.13.2/org.junit.runners.ParentRunner.runLeaf(ParentRunner.java:366)
	at junit@4.13.2/org.junit.runners.BlockJUnit4ClassRunner.runChild(BlockJUnit4ClassRunner.java:103)
	at junit@4.13.2/org.junit.runners.BlockJUnit4ClassRunner.runChild(BlockJUnit4ClassRunner.java:63)
	at junit@4.13.2/org.junit.runners.ParentRunner$4.run(ParentRunner.java:331)
	at junit@4.13.2/org.junit.runners.ParentRunner$1.schedule(ParentRunner.java:79)
	at junit@4.13.2/org.junit.runners.ParentRunner.runChildren(ParentRunner.java:329)
	at junit@4.13.2/org.junit.runners.ParentRunner.access$100(ParentRunner.java:66)
	at junit@4.13.2/org.junit.runners.ParentRunner$2.evaluate(ParentRunner.java:293)
	at junit@4.13.2/org.junit.runners.ParentRunner$3.evaluate(ParentRunner.java:306)
	at junit@4.13.2/org.junit.runners.ParentRunner.run(ParentRunner.java:413)
	at org.apache.maven.surefire.junit4.JUnit4Provider.execute(JUnit4Provider.java:316)
	at org.apache.maven.surefire.junit4.JUnit4Provider.executeWithRerun(JUnit4Provider.java:240)
	at org.apache.maven.surefire.junit4.JUnit4Provider.executeTestSet(JUnit4Provider.java:214)
	at org.apache.maven.surefire.junit4.JUnit4Provider.invoke(JUnit4Provider.java:155)
	at org.apache.maven.surefire.booter.ForkedBooter.runSuitesInProcess(ForkedBooter.java:385)
	at org.apache.maven.surefire.booter.ForkedBooter.execute(ForkedBooter.java:162)
	at org.apache.maven.surefire.booter.ForkedBooter.run(ForkedBooter.java:507)
	at org.apache.maven.surefire.booter.ForkedBooter.main(ForkedBooter.java:495)
]]></failure>
  </testcase>
  <testcase name="fromString_stringWithNoOctave" classname="com.model.NoteTest" time="0.002">
    <failure message="expected:&lt;0&gt; but was:&lt;4&gt;" type="java.lang.AssertionError"><![CDATA[java.lang.AssertionError: expected:<0> but was:<4>
	at junit@4.13.2/org.junit.Assert.fail(Assert.java:89)
	at junit@4.13.2/org.junit.Assert.failNotEquals(Assert.java:835)
	at junit@4.13.2/org.junit.Assert.assertEquals(Assert.java:647)
	at junit@4.13.2/org.junit.Assert.assertEquals(Assert.java:633)
	at com.rhythmreader/com.model.NoteTest.fromString_stringWithNoOctave(NoteTest.java:216)
	at java.base/jdk.internal.reflect.DirectMethodHandleAccessor.invoke(DirectMethodHandleAccessor.java:103)
	at java.base/java.lang.reflect.Method.invoke(Method.java:580)
	at junit@4.13.2/org.junit.runners.model.FrameworkMethod$1.runReflectiveCall(FrameworkMethod.java:59)
	at junit@4.13.2/org.junit.internal.runners.model.ReflectiveCallable.run(ReflectiveCallable.java:12)
	at junit@4.13.2/org.junit.runners.model.FrameworkMethod.invokeExplosively(FrameworkMethod.java:56)
	at junit@4.13.2/org.junit.internal.runners.statements.InvokeMethod.evaluate(InvokeMethod.java:17)
	at junit@4.13.2/org.junit.runners.ParentRunner$3.evaluate(ParentRunner.java:306)
	at junit@4.13.2/org.junit.runners.BlockJUnit4ClassRunner$1.evaluate(BlockJUnit4ClassRunner.java:100)
	at junit@4.13.2/org.junit.runners.ParentRunner.runLeaf(ParentRunner.java:366)
	at junit@4.13.2/org.junit.runners.BlockJUnit4ClassRunner.runChild(BlockJUnit4ClassRunner.java:103)
	at junit@4.13.2/org.junit.runners.BlockJUnit4ClassRunner.runChild(BlockJUnit4ClassRunner.java:63)
	at junit@4.13.2/org.junit.runners.ParentRunner$4.run(ParentRunner.java:331)
	at junit@4.13.2/org.junit.runners.ParentRunner$1.schedule(ParentRunner.java:79)
	at junit@4.13.2/org.junit.runners.ParentRunner.runChildren(ParentRunner.java:329)
	at junit@4.13.2/org.junit.runners.ParentRunner.access$100(ParentRunner.java:66)
	at junit@4.13.2/org.junit.runners.ParentRunner$2.evaluate(ParentRunner.java:293)
	at junit@4.13.2/org.junit.runners.ParentRunner$3.evaluate(ParentRunner.java:306)
	at junit@4.13.2/org.junit.runners.ParentRunner.run(ParentRunner.java:413)
	at org.apache.maven.surefire.junit4.JUnit4Provider.execute(JUnit4Provider.java:316)
	at org.apache.maven.surefire.junit4.JUnit4Provider.executeWithRerun(JUnit4Provider.java:240)
	at org.apache.maven.surefire.junit4.JUnit4Provider.executeTestSet(JUnit4Provider.java:214)
	at org.apache.maven.surefire.junit4.JUnit4Provider.invoke(JUnit4Provider.java:155)
	at org.apache.maven.surefire.booter.ForkedBooter.runSuitesInProcess(ForkedBooter.java:385)
	at org.apache.maven.surefire.booter.ForkedBooter.execute(ForkedBooter.java:162)
	at org.apache.maven.surefire.booter.ForkedBooter.run(ForkedBooter.java:507)
	at org.apache.maven.surefire.booter.ForkedBooter.main(ForkedBooter.java:495)
]]></failure>
  </testcase>
  <testcase name="setPitch_differentPitch" classname="com.model.NoteTest" time="0.0"/>
  <testcase name="toJFugueString_tiedNote" classname="com.model.NoteTest" time="0.001"/>
  <testcase name="setPitch_nullPitch" classname="com.model.NoteTest" time="0.001"/>
</testsuite>