<?xml version="1.0" encoding="UTF-8"?>
<testsuite xmlns:xsi="http://www.w3.org/2001/XMLSchema-instance" xsi:noNamespaceSchemaLocation="https://maven.apache.org/surefire/maven-surefire-plugin/xsd/surefire-test-report-3.0.xsd" version="3.0" name="com.model.NoteTest" time="0.023" tests="21" errors="0" skipped="0" failures="0">
  <properties>
[...]
</properties>
  <testcase name="setModifier_specialCharacterModifier" classname="com.model.NoteTest" time="0.002"/>
  <testcase name="setPitch_emptyPitch" classname="com.model.NoteTest" time="0.0"/>
  <testcase name="testTesting" classname="com.model.NoteTest" time="0.0"/>
  <testcase name="setModifier_emptyModifier" classname="com.model.NoteTest" time="0.0"/>
  <testcase name="toJFugueString_differentNoteType" classname="com.model.NoteTest" time="0.0"/>
  <testcase name="setModifier_nullModifier" classname="com.model.NoteTest" time="0.0"/>
  <testcase name="toJFugueString_noModifierOrArticulation" classname="com.model.NoteTest" time="0.0"/>
  <testcase name="testGetPitch_validPitch" classname="com.model.NoteTest" time="0.0"/>
  <testcase name="setPitch_validPitch" classname="com.model.NoteTest" time="0.0"/>
  <testcase name="toJFugueString_validNote" classname="com.model.NoteTest" time="0.0"/>
  <testcase name="getPitch_emptyPitch" classname="com.model.NoteTest" time="0.0"/>
  <testcase name="toJFugueString_restNote" classname="com.model.NoteTest" time="0.0"/>
  <testcase name="getPitch_differentPitch" classname="com.model.NoteTest" time="0.0"/>
  <testcase name="getPitch_lowerCasePitch" classname="com.model.NoteTest" time="0.0"/>
  <testcase name="setModifier_validModifier" classname="com.model.NoteTest" time="0.0"/>
  <testcase name="setModifier_differentModifier" classname="com.model.NoteTest" time="0.0"/>
  <testcase name="getPitch_specialCharacterPitch" classname="com.model.NoteTest" time="0.0"/>
  <testcase name="setPitch_specialCharacterPitch" classname="com.model.NoteTest" time="0.0"/>
  <testcase name="setPitch_differentPitch" classname="com.model.NoteTest" time="0.0"/>
  <testcase name="toJFugueString_tiedNote" classname="com.model.NoteTest" time="0.0"/>
  <testcase name="setPitch_nullPitch" classname="com.model.NoteTest" time="0.001"/>
</testsuite>