<?xml version="1.0" encoding="UTF-8"?>
<testsuite xmlns:xsi="http://www.w3.org/2001/XMLSchema-instance" xsi:noNamespaceSchemaLocation="https://maven.apache.org/surefire/maven-surefire-plugin/xsd/surefire-test-report-3.0.xsd" version="3.0" name="com.model.DataWriterTest" time="0.388" tests="1" errors="1" skipped="0" failures="0">
  <properties>
[...]
</properties>
  <testcase name="testSaveMultipleUsers" classname="com.model.DataWriterTest" time="0.272">
    <error message="Index 2 out of bounds for length 0" type="java.lang.IndexOutOfBoundsException"><![CDATA[java.lang.IndexOutOfBoundsException: Index 2 out of bounds for length 0
	at java.base/jdk.internal.util.Preconditions.outOfBounds(Preconditions.java:100)
	at java.base/jdk.internal.util.Preconditions.outOfBoundsCheckIndex(Preconditions.java:106)
	at java.base/jdk.internal.util.Preconditions.checkIndex(Preconditions.java:302)
	at java.base/java.util.Objects.checkIndex(Objects.java:365)
	at java.base/java.util.ArrayList.get(ArrayList.java:428)
	at com.rhythmreader/com.model.DataWriterTest.testSaveMultipleUsers(DataWriterTest.java:76)
	at java.base/jdk.internal.reflect.DirectMethodHandleAccessor.invoke(DirectMethodHandleAccessor.java:103)
	at java.base/java.lang.reflect.Method.invoke(Method.java:580)
	at junit@4.13.2/org.junit.runners.model.FrameworkMethod$1.runReflectiveCall(FrameworkMethod.java:59)
	at junit@4.13.2/org.junit.internal.runners.model.ReflectiveCallable.run(ReflectiveCallable.java:12)
	at junit@4.13.2/org.junit.runners.model.FrameworkMethod.invokeExplosively(FrameworkMethod.java:56)
	at junit@4.13.2/org.junit.internal.runners.statements.InvokeMethod.evaluate(InvokeMethod.java:17)
	at junit@4.13.2/org.junit.internal.runners.statements.RunBefores.evaluate(RunBefores.java:26)
	at junit@4.13.2/org.junit.internal.runners.statements.RunAfters.evaluate(RunAfters.java:27)
	at junit@4.13.2/org.junit.runners.ParentRunner$3.evaluate(ParentRunner.java:306)
	at junit@4.13.2/org.junit.runners.BlockJUnit4ClassRunner$1.evaluate(BlockJUnit4ClassRunner.java:100)
	at junit@4.13.2/org.junit.runners.ParentRunner.runLeaf(ParentRunner.java:366)
	at junit@4.13.2/org.junit.runners.BlockJUnit4ClassRunner.runChild(BlockJUnit4ClassRunner.java:103)
	at junit@4.13.2/org.junit.runners.BlockJUnit4ClassRunner.runChild(BlockJUnit4ClassRunner.java:63)
	at junit@4.13.2/org.junit.runners.ParentRunner$4.run(ParentRunner.java:331)
	at junit@4.13.2/org.junit.runners.ParentRunner$1.schedule(ParentRunner.java:79)
	at junit@4.13.2/org.junit.runners.ParentRunner.runChildren(ParentRunner.java:329)
	at junit@4.13.2/org.junit.runners.ParentRunner.access$100(ParentRunner.java:66)
	at junit@4.13.2/org.junit.runners.ParentRunner$2.evaluate(ParentRunner.java:293)
	at junit@4.13.2/org.junit.runners.ParentRunner$3.evaluate(ParentRunner.java:306)
	at junit@4.13.2/org.junit.runners.ParentRunner.run(ParentRunner.java:413)
	at org.apache.maven.surefire.junit4.JUnit4Provider.execute(JUnit4Provider.java:316)
	at org.apache.maven.surefire.junit4.JUnit4Provider.executeWithRerun(JUnit4Provider.java:240)
	at org.apache.maven.surefire.junit4.JUnit4Provider.executeTestSet(JUnit4Provider.java:214)
	at org.apache.maven.surefire.junit4.JUnit4Provider.invoke(JUnit4Provider.java:155)
	at org.apache.maven.surefire.booter.ForkedBooter.runSuitesInProcess(ForkedBooter.java:385)
	at org.apache.maven.surefire.booter.ForkedBooter.execute(ForkedBooter.java:162)
	at org.apache.maven.surefire.booter.ForkedBooter.run(ForkedBooter.java:507)
	at org.apache.maven.surefire.booter.ForkedBooter.main(ForkedBooter.java:495)
]]></error>
    <system-out><![CDATA[Total users in UserList: 0
Writing 0 users to file.
Total users in UserList: 0
Writing 0 users to file.
Total users in UserList: 0
Writing 0 users to file.
]]></system-out>
    <system-err><![CDATA[java.io.FileNotFoundException: JavaFXBackEndRhythmReader\src\main\java\com\data\users.json (The system cannot find the path specified)
	at java.base/java.io.FileInputStream.open0(Native Method)
	at java.base/java.io.FileInputStream.open(FileInputStream.java:219)
	at java.base/java.io.FileInputStream.<init>(FileInputStream.java:159)
	at java.base/java.io.FileInputStream.<init>(FileInputStream.java:112)
	at java.base/java.io.FileReader.<init>(FileReader.java:60)
	at com.rhythmreader/com.model.DataLoader.loadUsers(DataLoader.java:26)
	at com.rhythmreader/com.model.UserList.<init>(UserList.java:18)
	at com.rhythmreader/com.model.UserList.getInstance(UserList.java:27)
	at com.rhythmreader/com.model.DataWriterTest.<init>(DataWriterTest.java:26)
	at java.base/jdk.internal.reflect.DirectConstructorHandleAccessor.newInstance(DirectConstructorHandleAccessor.java:62)
	at java.base/java.lang.reflect.Constructor.newInstanceWithCaller(Constructor.java:501)
	at java.base/java.lang.reflect.Constructor.newInstance(Constructor.java:485)
	at junit@4.13.2/org.junit.runners.BlockJUnit4ClassRunner.createTest(BlockJUnit4ClassRunner.java:250)
	at junit@4.13.2/org.junit.runners.BlockJUnit4ClassRunner.createTest(BlockJUnit4ClassRunner.java:260)
	at junit@4.13.2/org.junit.runners.BlockJUnit4ClassRunner$2.runReflectiveCall(BlockJUnit4ClassRunner.java:309)
	at junit@4.13.2/org.junit.internal.runners.model.ReflectiveCallable.run(ReflectiveCallable.java:12)
	at junit@4.13.2/org.junit.runners.BlockJUnit4ClassRunner.methodBlock(BlockJUnit4ClassRunner.java:306)
	at junit@4.13.2/org.junit.runners.BlockJUnit4ClassRunner$1.evaluate(BlockJUnit4ClassRunner.java:100)
	at junit@4.13.2/org.junit.runners.ParentRunner.runLeaf(ParentRunner.java:366)
	at junit@4.13.2/org.junit.runners.BlockJUnit4ClassRunner.runChild(BlockJUnit4ClassRunner.java:103)
	at junit@4.13.2/org.junit.runners.BlockJUnit4ClassRunner.runChild(BlockJUnit4ClassRunner.java:63)
	at junit@4.13.2/org.junit.runners.ParentRunner$4.run(ParentRunner.java:331)
	at junit@4.13.2/org.junit.runners.ParentRunner$1.schedule(ParentRunner.java:79)
	at junit@4.13.2/org.junit.runners.ParentRunner.runChildren(ParentRunner.java:329)
	at junit@4.13.2/org.junit.runners.ParentRunner.access$100(ParentRunner.java:66)
	at junit@4.13.2/org.junit.runners.ParentRunner$2.evaluate(ParentRunner.java:293)
	at junit@4.13.2/org.junit.runners.ParentRunner$3.evaluate(ParentRunner.java:306)
	at junit@4.13.2/org.junit.runners.ParentRunner.run(ParentRunner.java:413)
	at org.apache.maven.surefire.junit4.JUnit4Provider.execute(JUnit4Provider.java:316)
	at org.apache.maven.surefire.junit4.JUnit4Provider.executeWithRerun(JUnit4Provider.java:240)
	at org.apache.maven.surefire.junit4.JUnit4Provider.executeTestSet(JUnit4Provider.java:214)
	at org.apache.maven.surefire.junit4.JUnit4Provider.invoke(JUnit4Provider.java:155)
	at org.apache.maven.surefire.booter.ForkedBooter.runSuitesInProcess(ForkedBooter.java:385)
	at org.apache.maven.surefire.booter.ForkedBooter.execute(ForkedBooter.java:162)
	at org.apache.maven.surefire.booter.ForkedBooter.run(ForkedBooter.java:507)
	at org.apache.maven.surefire.booter.ForkedBooter.main(ForkedBooter.java:495)
java.io.FileNotFoundException: JavaFXBackEndRhythmReader\src\main\java\com\data\users.json (The system cannot find the path specified)
	at java.base/java.io.FileOutputStream.open0(Native Method)
	at java.base/java.io.FileOutputStream.open(FileOutputStream.java:295)
	at java.base/java.io.FileOutputStream.<init>(FileOutputStream.java:237)
	at java.base/java.io.FileOutputStream.<init>(FileOutputStream.java:124)
	at java.base/java.io.FileWriter.<init>(FileWriter.java:67)
	at com.rhythmreader/com.model.DataWriter.saveUsers(DataWriter.java:42)
	at com.rhythmreader/com.model.DataWriterTest.setUp(DataWriterTest.java:37)
	at java.base/jdk.internal.reflect.DirectMethodHandleAccessor.invoke(DirectMethodHandleAccessor.java:103)
	at java.base/java.lang.reflect.Method.invoke(Method.java:580)
	at junit@4.13.2/org.junit.runners.model.FrameworkMethod$1.runReflectiveCall(FrameworkMethod.java:59)
	at junit@4.13.2/org.junit.internal.runners.model.ReflectiveCallable.run(ReflectiveCallable.java:12)
	at junit@4.13.2/org.junit.runners.model.FrameworkMethod.invokeExplosively(FrameworkMethod.java:56)
	at junit@4.13.2/org.junit.internal.runners.statements.RunBefores.invokeMethod(RunBefores.java:33)
	at junit@4.13.2/org.junit.internal.runners.statements.RunBefores.evaluate(RunBefores.java:24)
	at junit@4.13.2/org.junit.internal.runners.statements.RunAfters.evaluate(RunAfters.java:27)
	at junit@4.13.2/org.junit.runners.ParentRunner$3.evaluate(ParentRunner.java:306)
	at junit@4.13.2/org.junit.runners.BlockJUnit4ClassRunner$1.evaluate(BlockJUnit4ClassRunner.java:100)
	at junit@4.13.2/org.junit.runners.ParentRunner.runLeaf(ParentRunner.java:366)
	at junit@4.13.2/org.junit.runners.BlockJUnit4ClassRunner.runChild(BlockJUnit4ClassRunner.java:103)
	at junit@4.13.2/org.junit.runners.BlockJUnit4ClassRunner.runChild(BlockJUnit4ClassRunner.java:63)
	at junit@4.13.2/org.junit.runners.ParentRunner$4.run(ParentRunner.java:331)
	at junit@4.13.2/org.junit.runners.ParentRunner$1.schedule(ParentRunner.java:79)
	at junit@4.13.2/org.junit.runners.ParentRunner.runChildren(ParentRunner.java:329)
	at junit@4.13.2/org.junit.runners.ParentRunner.access$100(ParentRunner.java:66)
	at junit@4.13.2/org.junit.runners.ParentRunner$2.evaluate(ParentRunner.java:293)
	at junit@4.13.2/org.junit.runners.ParentRunner$3.evaluate(ParentRunner.java:306)
	at junit@4.13.2/org.junit.runners.ParentRunner.run(ParentRunner.java:413)
	at org.apache.maven.surefire.junit4.JUnit4Provider.execute(JUnit4Provider.java:316)
	at org.apache.maven.surefire.junit4.JUnit4Provider.executeWithRerun(JUnit4Provider.java:240)
	at org.apache.maven.surefire.junit4.JUnit4Provider.executeTestSet(JUnit4Provider.java:214)
	at org.apache.maven.surefire.junit4.JUnit4Provider.invoke(JUnit4Provider.java:155)
	at org.apache.maven.surefire.booter.ForkedBooter.runSuitesInProcess(ForkedBooter.java:385)
	at org.apache.maven.surefire.booter.ForkedBooter.execute(ForkedBooter.java:162)
	at org.apache.maven.surefire.booter.ForkedBooter.run(ForkedBooter.java:507)
	at org.apache.maven.surefire.booter.ForkedBooter.main(ForkedBooter.java:495)
java.io.FileNotFoundException: JavaFXBackEndRhythmReader\src\main\java\com\data\users.json (The system cannot find the path specified)
	at java.base/java.io.FileOutputStream.open0(Native Method)
	at java.base/java.io.FileOutputStream.open(FileOutputStream.java:295)
	at java.base/java.io.FileOutputStream.<init>(FileOutputStream.java:237)
	at java.base/java.io.FileOutputStream.<init>(FileOutputStream.java:124)
	at java.base/java.io.FileWriter.<init>(FileWriter.java:67)
	at com.rhythmreader/com.model.DataWriter.saveUsers(DataWriter.java:42)
	at com.rhythmreader/com.model.DataWriterTest.testSaveMultipleUsers(DataWriterTest.java:75)
	at java.base/jdk.internal.reflect.DirectMethodHandleAccessor.invoke(DirectMethodHandleAccessor.java:103)
	at java.base/java.lang.reflect.Method.invoke(Method.java:580)
	at junit@4.13.2/org.junit.runners.model.FrameworkMethod$1.runReflectiveCall(FrameworkMethod.java:59)
	at junit@4.13.2/org.junit.internal.runners.model.ReflectiveCallable.run(ReflectiveCallable.java:12)
	at junit@4.13.2/org.junit.runners.model.FrameworkMethod.invokeExplosively(FrameworkMethod.java:56)
	at junit@4.13.2/org.junit.internal.runners.statements.InvokeMethod.evaluate(InvokeMethod.java:17)
	at junit@4.13.2/org.junit.internal.runners.statements.RunBefores.evaluate(RunBefores.java:26)
	at junit@4.13.2/org.junit.internal.runners.statements.RunAfters.evaluate(RunAfters.java:27)
	at junit@4.13.2/org.junit.runners.ParentRunner$3.evaluate(ParentRunner.java:306)
	at junit@4.13.2/org.junit.runners.BlockJUnit4ClassRunner$1.evaluate(BlockJUnit4ClassRunner.java:100)
	at junit@4.13.2/org.junit.runners.ParentRunner.runLeaf(ParentRunner.java:366)
	at junit@4.13.2/org.junit.runners.BlockJUnit4ClassRunner.runChild(BlockJUnit4ClassRunner.java:103)
	at junit@4.13.2/org.junit.runners.BlockJUnit4ClassRunner.runChild(BlockJUnit4ClassRunner.java:63)
	at junit@4.13.2/org.junit.runners.ParentRunner$4.run(ParentRunner.java:331)
	at junit@4.13.2/org.junit.runners.ParentRunner$1.schedule(ParentRunner.java:79)
	at junit@4.13.2/org.junit.runners.ParentRunner.runChildren(ParentRunner.java:329)
	at junit@4.13.2/org.junit.runners.ParentRunner.access$100(ParentRunner.java:66)
	at junit@4.13.2/org.junit.runners.ParentRunner$2.evaluate(ParentRunner.java:293)
	at junit@4.13.2/org.junit.runners.ParentRunner$3.evaluate(ParentRunner.java:306)
	at junit@4.13.2/org.junit.runners.ParentRunner.run(ParentRunner.java:413)
	at org.apache.maven.surefire.junit4.JUnit4Provider.execute(JUnit4Provider.java:316)
	at org.apache.maven.surefire.junit4.JUnit4Provider.executeWithRerun(JUnit4Provider.java:240)
	at org.apache.maven.surefire.junit4.JUnit4Provider.executeTestSet(JUnit4Provider.java:214)
	at org.apache.maven.surefire.junit4.JUnit4Provider.invoke(JUnit4Provider.java:155)
	at org.apache.maven.surefire.booter.ForkedBooter.runSuitesInProcess(ForkedBooter.java:385)
	at org.apache.maven.surefire.booter.ForkedBooter.execute(ForkedBooter.java:162)
	at org.apache.maven.surefire.booter.ForkedBooter.run(ForkedBooter.java:507)
	at org.apache.maven.surefire.booter.ForkedBooter.main(ForkedBooter.java:495)
java.io.FileNotFoundException: JavaFXBackEndRhythmReader\src\main\java\com\data\users.json (The system cannot find the path specified)
	at java.base/java.io.FileInputStream.open0(Native Method)
	at java.base/java.io.FileInputStream.open(FileInputStream.java:219)
	at java.base/java.io.FileInputStream.<init>(FileInputStream.java:159)
	at java.base/java.io.FileInputStream.<init>(FileInputStream.java:112)
	at java.base/java.io.FileReader.<init>(FileReader.java:60)
	at com.rhythmreader/com.model.DataLoader.loadUsers(DataLoader.java:26)
	at com.rhythmreader/com.model.DataWriterTest.testSaveMultipleUsers(DataWriterTest.java:76)
	at java.base/jdk.internal.reflect.DirectMethodHandleAccessor.invoke(DirectMethodHandleAccessor.java:103)
	at java.base/java.lang.reflect.Method.invoke(Method.java:580)
	at junit@4.13.2/org.junit.runners.model.FrameworkMethod$1.runReflectiveCall(FrameworkMethod.java:59)
	at junit@4.13.2/org.junit.internal.runners.model.ReflectiveCallable.run(ReflectiveCallable.java:12)
	at junit@4.13.2/org.junit.runners.model.FrameworkMethod.invokeExplosively(FrameworkMethod.java:56)
	at junit@4.13.2/org.junit.internal.runners.statements.InvokeMethod.evaluate(InvokeMethod.java:17)
	at junit@4.13.2/org.junit.internal.runners.statements.RunBefores.evaluate(RunBefores.java:26)
	at junit@4.13.2/org.junit.internal.runners.statements.RunAfters.evaluate(RunAfters.java:27)
	at junit@4.13.2/org.junit.runners.ParentRunner$3.evaluate(ParentRunner.java:306)
	at junit@4.13.2/org.junit.runners.BlockJUnit4ClassRunner$1.evaluate(BlockJUnit4ClassRunner.java:100)
	at junit@4.13.2/org.junit.runners.ParentRunner.runLeaf(ParentRunner.java:366)
	at junit@4.13.2/org.junit.runners.BlockJUnit4ClassRunner.runChild(BlockJUnit4ClassRunner.java:103)
	at junit@4.13.2/org.junit.runners.BlockJUnit4ClassRunner.runChild(BlockJUnit4ClassRunner.java:63)
	at junit@4.13.2/org.junit.runners.ParentRunner$4.run(ParentRunner.java:331)
	at junit@4.13.2/org.junit.runners.ParentRunner$1.schedule(ParentRunner.java:79)
	at junit@4.13.2/org.junit.runners.ParentRunner.runChildren(ParentRunner.java:329)
	at junit@4.13.2/org.junit.runners.ParentRunner.access$100(ParentRunner.java:66)
	at junit@4.13.2/org.junit.runners.ParentRunner$2.evaluate(ParentRunner.java:293)
	at junit@4.13.2/org.junit.runners.ParentRunner$3.evaluate(ParentRunner.java:306)
	at junit@4.13.2/org.junit.runners.ParentRunner.run(ParentRunner.java:413)
	at org.apache.maven.surefire.junit4.JUnit4Provider.execute(JUnit4Provider.java:316)
	at org.apache.maven.surefire.junit4.JUnit4Provider.executeWithRerun(JUnit4Provider.java:240)
	at org.apache.maven.surefire.junit4.JUnit4Provider.executeTestSet(JUnit4Provider.java:214)
	at org.apache.maven.surefire.junit4.JUnit4Provider.invoke(JUnit4Provider.java:155)
	at org.apache.maven.surefire.booter.ForkedBooter.runSuitesInProcess(ForkedBooter.java:385)
	at org.apache.maven.surefire.booter.ForkedBooter.execute(ForkedBooter.java:162)
	at org.apache.maven.surefire.booter.ForkedBooter.run(ForkedBooter.java:507)
	at org.apache.maven.surefire.booter.ForkedBooter.main(ForkedBooter.java:495)
java.io.FileNotFoundException: JavaFXBackEndRhythmReader\src\main\java\com\data\users.json (The system cannot find the path specified)
	at java.base/java.io.FileOutputStream.open0(Native Method)
	at java.base/java.io.FileOutputStream.open(FileOutputStream.java:295)
	at java.base/java.io.FileOutputStream.<init>(FileOutputStream.java:237)
	at java.base/java.io.FileOutputStream.<init>(FileOutputStream.java:124)
	at java.base/java.io.FileWriter.<init>(FileWriter.java:67)
	at com.rhythmreader/com.model.DataWriter.saveUsers(DataWriter.java:42)
	at com.rhythmreader/com.model.DataWriterTest.tearDown(DataWriterTest.java:43)
	at java.base/jdk.internal.reflect.DirectMethodHandleAccessor.invoke(DirectMethodHandleAccessor.java:103)
	at java.base/java.lang.reflect.Method.invoke(Method.java:580)
	at junit@4.13.2/org.junit.runners.model.FrameworkMethod$1.runReflectiveCall(FrameworkMethod.java:59)
	at junit@4.13.2/org.junit.internal.runners.model.ReflectiveCallable.run(ReflectiveCallable.java:12)
	at junit@4.13.2/org.junit.runners.model.FrameworkMethod.invokeExplosively(FrameworkMethod.java:56)
	at junit@4.13.2/org.junit.internal.runners.statements.RunAfters.invokeMethod(RunAfters.java:46)
	at junit@4.13.2/org.junit.internal.runners.statements.RunAfters.evaluate(RunAfters.java:33)
	at junit@4.13.2/org.junit.runners.ParentRunner$3.evaluate(ParentRunner.java:306)
	at junit@4.13.2/org.junit.runners.BlockJUnit4ClassRunner$1.evaluate(BlockJUnit4ClassRunner.java:100)
	at junit@4.13.2/org.junit.runners.ParentRunner.runLeaf(ParentRunner.java:366)
	at junit@4.13.2/org.junit.runners.BlockJUnit4ClassRunner.runChild(BlockJUnit4ClassRunner.java:103)
	at junit@4.13.2/org.junit.runners.BlockJUnit4ClassRunner.runChild(BlockJUnit4ClassRunner.java:63)
	at junit@4.13.2/org.junit.runners.ParentRunner$4.run(ParentRunner.java:331)
	at junit@4.13.2/org.junit.runners.ParentRunner$1.schedule(ParentRunner.java:79)
	at junit@4.13.2/org.junit.runners.ParentRunner.runChildren(ParentRunner.java:329)
	at junit@4.13.2/org.junit.runners.ParentRunner.access$100(ParentRunner.java:66)
	at junit@4.13.2/org.junit.runners.ParentRunner$2.evaluate(ParentRunner.java:293)
	at junit@4.13.2/org.junit.runners.ParentRunner$3.evaluate(ParentRunner.java:306)
	at junit@4.13.2/org.junit.runners.ParentRunner.run(ParentRunner.java:413)
	at org.apache.maven.surefire.junit4.JUnit4Provider.execute(JUnit4Provider.java:316)
	at org.apache.maven.surefire.junit4.JUnit4Provider.executeWithRerun(JUnit4Provider.java:240)
	at org.apache.maven.surefire.junit4.JUnit4Provider.executeTestSet(JUnit4Provider.java:214)
	at org.apache.maven.surefire.junit4.JUnit4Provider.invoke(JUnit4Provider.java:155)
	at org.apache.maven.surefire.booter.ForkedBooter.runSuitesInProcess(ForkedBooter.java:385)
	at org.apache.maven.surefire.booter.ForkedBooter.execute(ForkedBooter.java:162)
	at org.apache.maven.surefire.booter.ForkedBooter.run(ForkedBooter.java:507)
	at org.apache.maven.surefire.booter.ForkedBooter.main(ForkedBooter.java:495)
]]></system-err>
  </testcase>
</testsuite>