<?xml version="1.0" encoding="UTF-8"?>
<testsuite xmlns:xsi="http://www.w3.org/2001/XMLSchema-instance" xsi:noNamespaceSchemaLocation="https://maven.apache.org/surefire/maven-surefire-plugin/xsd/surefire-test-report-3.0.xsd" version="3.0" name="com.model.MeasureTest" time="0.001" tests="11" errors="0" skipped="0" failures="0">
  <properties>
[...]
</properties>
  <testcase name="testFromJSONWithInvalidInputType" classname="com.model.MeasureTest" time="0.0">
    <system-err><![CDATA[Error: Unexpected data type: org.json.simple.JSONObject
]]></system-err>
  </testcase>
  <testcase name="testGetJFuguePattern" classname="com.model.MeasureTest" time="0.0"/>
  <testcase name="testFromJSONWithChord" classname="com.model.MeasureTest" time="0.0"/>
  <testcase name="testGetExpectedBeats" classname="com.model.MeasureTest" time="0.0"/>
  <testcase name="testFromJSONWithNullInput" classname="com.model.MeasureTest" time="0.0"/>
  <testcase name="testGetExpectedBeatsInvalidBeats" classname="com.model.MeasureTest" time="0.0"/>
  <testcase name="testFromJSONWithEmptyArray" classname="com.model.MeasureTest" time="0.0"/>
  <testcase name="testGetTotalBeats" classname="com.model.MeasureTest" time="0.0"/>
  <testcase name="testGetTotalBeatsWithNullChords" classname="com.model.MeasureTest" time="0.0"/>
  <testcase name="testFromJSONWithSingleNote" classname="com.model.MeasureTest" time="0.0"/>
  <testcase name="testGetExpectedBeatsInvalidTimeSignature" classname="com.model.MeasureTest" time="0.0"/>
</testsuite>